info it worked if it ends with ok
verbose cli [ '/usr/local/bin/node', '/usr/local/bin/npm', 'install' ]
info using npm@1.1.21
info using node@v0.8.2
verbose config file /Users/gabesoft/.npmrc
verbose config file /usr/local/etc/npmrc
verbose config file /usr/local/lib/node_modules/npm/npmrc
ERR! Couldn't read dependencies.
ERR! Error: ENOENT, open '/apps/vogue/package.json'
ERR! You may report this log at:
ERR!     <http://github.com/isaacs/npm/issues>
ERR! or email it to:
ERR!     <npm-@googlegroups.com>
ERR! 
ERR! System Darwin 11.4.0
ERR! command "/usr/local/bin/node" "/usr/local/bin/npm" "install"
ERR! cwd /apps/vogue
ERR! node -v v0.8.2
ERR! npm -v 1.1.21
ERR! path /apps/vogue/package.json
ERR! code ENOENT
ERR! message ENOENT, open '/apps/vogue/package.json'
ERR! errno {}
verbose exit [ 1, true ]
